{"E:\\zrtool\\ZrTool\\src\\package\\arrayFlat\\index.ts": {"path":"E:\\zrtool\\ZrTool\\src\\package\\arrayFlat\\index.ts","statementMap":{"0":{"start":{"line":2,"column":27},"end":{"line":2,"column":29}},"1":{"start":{"line":3,"column":2},"end":{"line":13,"column":3}},"2":{"start":{"line":4,"column":4},"end":{"line":4,"column":25}},"3":{"start":{"line":6,"column":4},"end":{"line":12,"column":5}},"4":{"start":{"line":6,"column":17},"end":{"line":6,"column":18}},"5":{"start":{"line":7,"column":6},"end":{"line":11,"column":7}},"6":{"start":{"line":8,"column":8},"end":{"line":8,"column":51}},"7":{"start":{"line":10,"column":8},"end":{"line":10,"column":29}},"8":{"start":{"line":15,"column":2},"end":{"line":15,"column":15}}},"fnMap":{"0":{"name":"arrayFlat","decl":{"start":{"line":1,"column":16},"end":{"line":1,"column":25}},"loc":{"start":{"line":1,"column":83},"end":{"line":16,"column":1}},"line":1}},"branchMap":{"0":{"loc":{"start":{"line":1,"column":45},"end":{"line":1,"column":69}},"type":"default-arg","locations":[{"start":{"line":1,"column":64},"end":{"line":1,"column":69}}],"line":1},"1":{"loc":{"start":{"line":3,"column":2},"end":{"line":13,"column":3}},"type":"if","locations":[{"start":{"line":3,"column":2},"end":{"line":13,"column":3}},{"start":{"line":5,"column":9},"end":{"line":13,"column":3}}],"line":3},"2":{"loc":{"start":{"line":7,"column":6},"end":{"line":11,"column":7}},"type":"if","locations":[{"start":{"line":7,"column":6},"end":{"line":11,"column":7}},{"start":{"line":9,"column":13},"end":{"line":11,"column":7}}],"line":7}},"s":{"0":5,"1":5,"2":1,"3":4,"4":4,"5":13,"6":3,"7":10,"8":5},"f":{"0":5},"b":{"0":[4],"1":[1,4],"2":[3,10]},"_coverageSchema":"1a1c01bbd47fc00a2c39e90264f33305004495a9","hash":"7217e1c6f3cb593e5d3f38abe3e7180128780a95"}
,"E:\\zrtool\\ZrTool\\src\\package\\countMaxNumber\\index.ts": {"path":"E:\\zrtool\\ZrTool\\src\\package\\countMaxNumber\\index.ts","statementMap":{"0":{"start":{"line":2,"column":20},"end":{"line":2,"column":63}},"1":{"start":{"line":3,"column":2},"end":{"line":3,"column":46}},"2":{"start":{"line":4,"column":2},"end":{"line":4,"column":48}},"3":{"start":{"line":5,"column":10},"end":{"line":5,"column":11}},"4":{"start":{"line":6,"column":10},"end":{"line":6,"column":11}},"5":{"start":{"line":7,"column":12},"end":{"line":7,"column":14}},"6":{"start":{"line":8,"column":2},"end":{"line":12,"column":3}},"7":{"start":{"line":8,"column":15},"end":{"line":8,"column":28}},"8":{"start":{"line":9,"column":4},"end":{"line":9,"column":58}},"9":{"start":{"line":10,"column":4},"end":{"line":10,"column":26}},"10":{"start":{"line":11,"column":4},"end":{"line":11,"column":24}},"11":{"start":{"line":13,"column":2},"end":{"line":15,"column":3}},"12":{"start":{"line":14,"column":4},"end":{"line":14,"column":19}},"13":{"start":{"line":16,"column":2},"end":{"line":16,"column":12}}},"fnMap":{"0":{"name":"countMaxNumber","decl":{"start":{"line":1,"column":16},"end":{"line":1,"column":30}},"loc":{"start":{"line":1,"column":76},"end":{"line":17,"column":1}},"line":1}},"branchMap":{"0":{"loc":{"start":{"line":13,"column":2},"end":{"line":15,"column":3}},"type":"if","locations":[{"start":{"line":13,"column":2},"end":{"line":15,"column":3}},{"start":{},"end":{}}],"line":13}},"s":{"0":2,"1":2,"2":2,"3":2,"4":2,"5":2,"6":2,"7":2,"8":42,"9":42,"10":42,"11":2,"12":0,"13":2},"f":{"0":2},"b":{"0":[0,2]},"_coverageSchema":"1a1c01bbd47fc00a2c39e90264f33305004495a9","hash":"37d70280f05196d7b2afb5db89b5c803166b5560"}
,"E:\\zrtool\\ZrTool\\src\\package\\deepClone\\index.ts": {"path":"E:\\zrtool\\ZrTool\\src\\package\\deepClone\\index.ts","statementMap":{"0":{"start":{"line":2,"column":2},"end":{"line":2,"column":57}},"1":{"start":{"line":2,"column":44},"end":{"line":2,"column":57}},"2":{"start":{"line":3,"column":2},"end":{"line":3,"column":88}},"3":{"start":{"line":3,"column":51},"end":{"line":3,"column":88}},"4":{"start":{"line":4,"column":2},"end":{"line":4,"column":45}},"5":{"start":{"line":4,"column":23},"end":{"line":4,"column":45}},"6":{"start":{"line":5,"column":23},"end":{"line":5,"column":54}},"7":{"start":{"line":6,"column":2},"end":{"line":6,"column":28}},"8":{"start":{"line":7,"column":2},"end":{"line":15,"column":3}},"9":{"start":{"line":8,"column":4},"end":{"line":14,"column":5}},"10":{"start":{"line":9,"column":6},"end":{"line":13,"column":7}},"11":{"start":{"line":10,"column":8},"end":{"line":10,"column":52}},"12":{"start":{"line":12,"column":8},"end":{"line":12,"column":36}},"13":{"start":{"line":16,"column":2},"end":{"line":16,"column":18}}},"fnMap":{"0":{"name":"deepClone","decl":{"start":{"line":1,"column":16},"end":{"line":1,"column":25}},"loc":{"start":{"line":1,"column":56},"end":{"line":17,"column":1}},"line":1}},"branchMap":{"0":{"loc":{"start":{"line":1,"column":39},"end":{"line":1,"column":54}},"type":"default-arg","locations":[{"start":{"line":1,"column":45},"end":{"line":1,"column":54}}],"line":1},"1":{"loc":{"start":{"line":2,"column":2},"end":{"line":2,"column":57}},"type":"if","locations":[{"start":{"line":2,"column":2},"end":{"line":2,"column":57}},{"start":{},"end":{}}],"line":2},"2":{"loc":{"start":{"line":2,"column":6},"end":{"line":2,"column":42}},"type":"binary-expr","locations":[{"start":{"line":2,"column":6},"end":{"line":2,"column":13}},{"start":{"line":2,"column":17},"end":{"line":2,"column":42}}],"line":2},"3":{"loc":{"start":{"line":3,"column":2},"end":{"line":3,"column":88}},"type":"if","locations":[{"start":{"line":3,"column":2},"end":{"line":3,"column":88}},{"start":{},"end":{}}],"line":3},"4":{"loc":{"start":{"line":4,"column":2},"end":{"line":4,"column":45}},"type":"if","locations":[{"start":{"line":4,"column":2},"end":{"line":4,"column":45}},{"start":{},"end":{}}],"line":4},"5":{"loc":{"start":{"line":5,"column":23},"end":{"line":5,"column":54}},"type":"cond-expr","locations":[{"start":{"line":5,"column":47},"end":{"line":5,"column":49}},{"start":{"line":5,"column":52},"end":{"line":5,"column":54}}],"line":5},"6":{"loc":{"start":{"line":8,"column":4},"end":{"line":14,"column":5}},"type":"if","locations":[{"start":{"line":8,"column":4},"end":{"line":14,"column":5}},{"start":{},"end":{}}],"line":8},"7":{"loc":{"start":{"line":9,"column":6},"end":{"line":13,"column":7}},"type":"if","locations":[{"start":{"line":9,"column":6},"end":{"line":13,"column":7}},{"start":{"line":11,"column":13},"end":{"line":13,"column":7}}],"line":9}},"s":{"0":4,"1":0,"2":4,"3":0,"4":4,"5":0,"6":4,"7":4,"8":4,"9":13,"10":13,"11":3,"12":10,"13":4},"f":{"0":4},"b":{"0":[1],"1":[0,4],"2":[4,4],"3":[0,4],"4":[0,4],"5":[4,0],"6":[13,0],"7":[3,10]},"_coverageSchema":"1a1c01bbd47fc00a2c39e90264f33305004495a9","hash":"cbe97d640e5402c93004b2c6fd46cc55a15e1eef"}
}
