TN:
SF:src\package\arrayFlat\index.ts
FN:1,arrayFlat
FNF:1
FNH:1
FNDA:5,arrayFlat
DA:2,5
DA:3,5
DA:4,1
DA:6,4
DA:7,13
DA:8,3
DA:10,10
DA:15,5
LF:8
LH:8
BRDA:1,0,0,4
BRDA:3,1,0,1
BRDA:3,1,1,4
BRDA:7,2,0,3
BRDA:7,2,1,10
BRF:5
BRH:5
end_of_record
TN:
SF:src\package\countMaxNumber\index.ts
FN:1,countMaxNumber
FNF:1
FNH:1
FNDA:2,countMaxNumber
DA:2,2
DA:3,2
DA:4,2
DA:5,2
DA:6,2
DA:7,2
DA:8,2
DA:9,42
DA:10,42
DA:11,42
DA:13,2
DA:14,0
DA:16,2
LF:13
LH:12
BRDA:13,0,0,0
BRDA:13,0,1,2
BRF:2
BRH:1
end_of_record
TN:
SF:src\package\deepClone\index.ts
FN:1,deepClone
FNF:1
FNH:1
FNDA:4,deepClone
DA:2,4
DA:3,4
DA:4,4
DA:5,4
DA:6,4
DA:7,4
DA:8,13
DA:9,13
DA:10,3
DA:12,10
DA:16,4
LF:11
LH:11
BRDA:1,0,0,1
BRDA:2,1,0,0
BRDA:2,1,1,4
BRDA:2,2,0,4
BRDA:2,2,1,4
BRDA:3,3,0,0
BRDA:3,3,1,4
BRDA:4,4,0,0
BRDA:4,4,1,4
BRDA:5,5,0,4
BRDA:5,5,1,0
BRDA:8,6,0,13
BRDA:8,6,1,0
BRDA:9,7,0,3
BRDA:9,7,1,10
BRF:15
BRH:10
end_of_record
